# JRE version: OpenJDK Runtime Environment (Zulu 8.78.0.19-CA-win64) (8.0_412-b08) (build 1.8.0_412-b08)
# Java VM: OpenJDK 64-Bit Server VM (25.412-b08 mixed mode windows-amd64 compressed oops)
Heap:
 PSYoungGen      total 263168K, used 50987K [0x000000076b400000, 0x000000077e480000, 0x00000007c0000000)
  eden space 232448K, 21% used [0x000000076b400000,0x000000076e5cac98,0x0000000779700000)
  from space 30720K, 0% used [0x000000077ba80000,0x000000077ba80000,0x000000077d880000)
  to   space 36352K, 0% used [0x0000000779700000,0x0000000779700000,0x000000077ba80000)
 ParOldGen       total 200704K, used 51232K [0x00000006c1c00000, 0x00000006ce000000, 0x000000076b400000)
  object space 200704K, 25% used [0x00000006c1c00000,0x00000006c4e08268,0x00000006ce000000)
 Metaspace       used 40446K, capacity 40691K, committed 40960K, reserved 1085440K
  class space    used 5458K, capacity 5545K, committed 5632K, reserved 1048576K
GC Heap History (10 events):
Event: 5.982 GC heap before
{Heap before GC invocations=7 (full 2):
 PSYoungGen      total 105472K, used 105219K [0x000000076b400000, 0x0000000772980000, 0x00000007c0000000)
  eden space 96768K, 100% used [0x000000076b400000,0x0000000771280000,0x0000000771280000)
  from space 8704K, 97% used [0x0000000772100000,0x0000000772940ee0,0x0000000772980000)
  to   space 10752K, 0% used [0x0000000771480000,0x0000000771480000,0x0000000771f00000)
 ParOldGen       total 105984K, used 5225K [0x00000006c1c00000, 0x00000006c8380000, 0x000000076b400000)
  object space 105984K, 4% used [0x00000006c1c00000,0x00000006c211a468,0x00000006c8380000)
 Metaspace       used 33777K, capacity 33996K, committed 34176K, reserved 1079296K
  class space    used 4577K, capacity 4647K, committed 4736K, reserved 1048576K
Event: 5.994 GC heap after
Heap after GC invocations=7 (full 2):
 PSYoungGen      total 109568K, used 10722K [0x000000076b400000, 0x0000000775b00000, 0x00000007c0000000)
  eden space 98816K, 0% used [0x000000076b400000,0x000000076b400000,0x0000000771480000)
  from space 10752K, 99% used [0x0000000771480000,0x0000000771ef89c8,0x0000000771f00000)
  to   space 10752K, 0% used [0x0000000775080000,0x0000000775080000,0x0000000775b00000)
 ParOldGen       total 105984K, used 20676K [0x00000006c1c00000, 0x00000006c8380000, 0x000000076b400000)
  object space 105984K, 19% used [0x00000006c1c00000,0x00000006c3031358,0x00000006c8380000)
 Metaspace       used 33777K, capacity 33996K, committed 34176K, reserved 1079296K
  class space    used 4577K, capacity 4647K, committed 4736K, reserved 1048576K
}
Event: 6.211 GC heap before
{Heap before GC invocations=8 (full 2):
 PSYoungGen      total 109568K, used 109538K [0x000000076b400000, 0x0000000775b00000, 0x00000007c0000000)
  eden space 98816K, 100% used [0x000000076b400000,0x0000000771480000,0x0000000771480000)
  from space 10752K, 99% used [0x0000000771480000,0x0000000771ef89c8,0x0000000771f00000)
  to   space 10752K, 0% used [0x0000000775080000,0x0000000775080000,0x0000000775b00000)
 ParOldGen       total 105984K, used 20676K [0x00000006c1c00000, 0x00000006c8380000, 0x000000076b400000)
  object space 105984K, 19% used [0x00000006c1c00000,0x00000006c3031358,0x00000006c8380000)
 Metaspace       used 33777K, capacity 33996K, committed 34176K, reserved 1079296K
  class space    used 4577K, capacity 4647K, committed 4736K, reserved 1048576K
Event: 6.221 GC heap after
Heap after GC invocations=8 (full 2):
 PSYoungGen      total 145920K, used 10740K [0x000000076b400000, 0x0000000778880000, 0x00000007c0000000)
  eden space 135168K, 0% used [0x000000076b400000,0x000000076b400000,0x0000000773800000)
  from space 10752K, 99% used [0x0000000775080000,0x0000000775afd0b0,0x0000000775b00000)
  to   space 25088K, 0% used [0x0000000773800000,0x0000000773800000,0x0000000775080000)
 ParOldGen       total 105984K, used 26626K [0x00000006c1c00000, 0x00000006c8380000, 0x000000076b400000)
  object space 105984K, 25% used [0x00000006c1c00000,0x00000006c3600a50,0x00000006c8380000)
 Metaspace       used 33777K, capacity 33996K, committed 34176K, reserved 1079296K
  class space    used 4577K, capacity 4647K, committed 4736K, reserved 1048576K
}
Event: 6.648 GC heap before
{Heap before GC invocations=9 (full 2):
 PSYoungGen      total 145920K, used 145908K [0x000000076b400000, 0x0000000778880000, 0x00000007c0000000)
  eden space 135168K, 100% used [0x000000076b400000,0x0000000773800000,0x0000000773800000)
  from space 10752K, 99% used [0x0000000775080000,0x0000000775afd0b0,0x0000000775b00000)
  to   space 25088K, 0% used [0x0000000773800000,0x0000000773800000,0x0000000775080000)
 ParOldGen       total 105984K, used 26626K [0x00000006c1c00000, 0x00000006c8380000, 0x000000076b400000)
  object space 105984K, 25% used [0x00000006c1c00000,0x00000006c3600a50,0x00000006c8380000)
 Metaspace       used 35741K, capacity 35948K, committed 36352K, reserved 1081344K
  class space    used 4934K, capacity 4999K, committed 5120K, reserved 1048576K
Event: 6.669 GC heap after
Heap after GC invocations=9 (full 2):
 PSYoungGen      total 160256K, used 25076K [0x000000076b400000, 0x000000077d880000, 0x00000007c0000000)
  eden space 135168K, 0% used [0x000000076b400000,0x000000076b400000,0x0000000773800000)
  from space 25088K, 99% used [0x0000000773800000,0x000000077507d188,0x0000000775080000)
  to   space 30720K, 0% used [0x000000077ba80000,0x000000077ba80000,0x000000077d880000)
 ParOldGen       total 105984K, used 29011K [0x00000006c1c00000, 0x00000006c8380000, 0x000000076b400000)
  object space 105984K, 27% used [0x00000006c1c00000,0x00000006c3854da0,0x00000006c8380000)
 Metaspace       used 35741K, capacity 35948K, committed 36352K, reserved 1081344K
  class space    used 4934K, capacity 4999K, committed 5120K, reserved 1048576K
}
Event: 7.404 GC heap before
{Heap before GC invocations=10 (full 2):
 PSYoungGen      total 160256K, used 49600K [0x000000076b400000, 0x000000077d880000, 0x00000007c0000000)
  eden space 135168K, 18% used [0x000000076b400000,0x000000076cbf3180,0x0000000773800000)
  from space 25088K, 99% used [0x0000000773800000,0x000000077507d188,0x0000000775080000)
  to   space 30720K, 0% used [0x000000077ba80000,0x000000077ba80000,0x000000077d880000)
 ParOldGen       total 105984K, used 29011K [0x00000006c1c00000, 0x00000006c8380000, 0x000000076b400000)
  object space 105984K, 27% used [0x00000006c1c00000,0x00000006c3854da0,0x00000006c8380000)
 Metaspace       used 38675K, capacity 38899K, committed 39040K, reserved 1083392K
  class space    used 5264K, capacity 5353K, committed 5376K, reserved 1048576K
Event: 7.426 GC heap after
Heap after GC invocations=10 (full 2):
 PSYoungGen      total 263168K, used 30694K [0x000000076b400000, 0x000000077e480000, 0x00000007c0000000)
  eden space 232448K, 0% used [0x000000076b400000,0x000000076b400000,0x0000000779700000)
  from space 30720K, 99% used [0x000000077ba80000,0x000000077d879be0,0x000000077d880000)
  to   space 36352K, 0% used [0x0000000779700000,0x0000000779700000,0x000000077ba80000)
 ParOldGen       total 105984K, used 29019K [0x00000006c1c00000, 0x00000006c8380000, 0x000000076b400000)
  object space 105984K, 27% used [0x00000006c1c00000,0x00000006c3856da0,0x00000006c8380000)
 Metaspace       used 38675K, capacity 38899K, committed 39040K, reserved 1083392K
  class space    used 5264K, capacity 5353K, committed 5376K, reserved 1048576K
}
Event: 7.426 GC heap before
{Heap before GC invocations=11 (full 3):
 PSYoungGen      total 263168K, used 30694K [0x000000076b400000, 0x000000077e480000, 0x00000007c0000000)
  eden space 232448K, 0% used [0x000000076b400000,0x000000076b400000,0x0000000779700000)
  from space 30720K, 99% used [0x000000077ba80000,0x000000077d879be0,0x000000077d880000)
  to   space 36352K, 0% used [0x0000000779700000,0x0000000779700000,0x000000077ba80000)
 ParOldGen       total 105984K, used 29019K [0x00000006c1c00000, 0x00000006c8380000, 0x000000076b400000)
  object space 105984K, 27% used [0x00000006c1c00000,0x00000006c3856da0,0x00000006c8380000)
 Metaspace       used 38675K, capacity 38899K, committed 39040K, reserved 1083392K
  class space    used 5264K, capacity 5353K, committed 5376K, reserved 1048576K
Event: 7.572 GC heap after
Heap after GC invocations=11 (full 3):
 PSYoungGen      total 263168K, used 0K [0x000000076b400000, 0x000000077e480000, 0x00000007c0000000)
  eden space 232448K, 0% used [0x000000076b400000,0x000000076b400000,0x0000000779700000)
  from space 30720K, 0% used [0x000000077ba80000,0x000000077ba80000,0x000000077d880000)
  to   space 36352K, 0% used [0x0000000779700000,0x0000000779700000,0x000000077ba80000)
 ParOldGen       total 200704K, used 51232K [0x00000006c1c00000, 0x00000006ce000000, 0x000000076b400000)
  object space 200704K, 25% used [0x00000006c1c00000,0x00000006c4e08268,0x00000006ce000000)
 Metaspace       used 38675K, capacity 38899K, committed 39040K, reserved 1083392K
  class space    used 5264K, capacity 5353K, committed 5376K, reserved 1048576K
}

